<?xml version="1.0" encoding="UTF-8"?>
<!-- Generated by org.testng.reporters.JUnitXMLReporter -->
<testsuite ignored="8" hostname="venis-MacBook-Air.local" failures="1" tests="1" name="Default test" time="2575.578" errors="0" timestamp="2021-09-30T13:48:58 IST">
  <testcase classname="com.selenium.testbuild.testCases" name="bookshelves" time="0.03">
    <failure type="java.lang.NoSuchMethodError" message="&amp;apos;void com.selenium.homePage.urbanLadder.&amp;lt;init&amp;gt;(org.openqa.selenium.WebDriver)&amp;apos;">
      <![CDATA[java.lang.NoSuchMethodError: 'void com.selenium.homePage.urbanLadder.<init>(org.openqa.selenium.WebDriver)'
at com.selenium.testbuild.testCases.bookshelves(testCases.java:44)
at java.base/jdk.internal.reflect.NativeMethodAccessorImpl.invoke0(Native Method)
at java.base/jdk.internal.reflect.NativeMethodAccessorImpl.invoke(NativeMethodAccessorImpl.java:78)
at java.base/jdk.internal.reflect.DelegatingMethodAccessorImpl.invoke(DelegatingMethodAccessorImpl.java:43)
at java.base/java.lang.reflect.Method.invoke(Method.java:567)
at org.testng.internal.MethodInvocationHelper.invokeMethod(MethodInvocationHelper.java:133)
at org.testng.internal.TestInvoker.invokeMethod(TestInvoker.java:598)
at org.testng.internal.TestInvoker.invokeTestMethod(TestInvoker.java:173)
at org.testng.internal.MethodRunner.runInSequence(MethodRunner.java:46)
at org.testng.internal.TestInvoker$MethodInvocationAgent.invoke(TestInvoker.java:824)
at org.testng.internal.TestInvoker.invokeTestMethods(TestInvoker.java:146)
at org.testng.internal.TestMethodWorker.invokeTestMethods(TestMethodWorker.java:146)
at org.testng.internal.TestMethodWorker.run(TestMethodWorker.java:128)
at java.base/java.util.ArrayList.forEach(ArrayList.java:1511)
at org.testng.TestRunner.privateRun(TestRunner.java:794)
at org.testng.TestRunner.run(TestRunner.java:596)
at org.testng.SuiteRunner.runTest(SuiteRunner.java:377)
at org.testng.SuiteRunner.runSequentially(SuiteRunner.java:371)
at org.testng.SuiteRunner.privateRun(SuiteRunner.java:332)
at org.testng.SuiteRunner.run(SuiteRunner.java:276)
at org.testng.SuiteRunnerWorker.runSuite(SuiteRunnerWorker.java:53)
at org.testng.SuiteRunnerWorker.run(SuiteRunnerWorker.java:96)
at org.testng.TestNG.runSuitesSequentially(TestNG.java:1212)
at org.testng.TestNG.runSuitesLocally(TestNG.java:1134)
at org.testng.TestNG.runSuites(TestNG.java:1063)
at org.testng.TestNG.run(TestNG.java:1031)
at org.testng.remote.AbstractRemoteTestNG.run(AbstractRemoteTestNG.java:115)
at org.testng.remote.RemoteTestNG.initAndRun(RemoteTestNG.java:251)
at org.testng.remote.RemoteTestNG.main(RemoteTestNG.java:77)
]]>
    </failure>
  </testcase> <!-- bookshelves -->
  <testcase classname="com.selenium.testbuild.testCases" name="popup" time="0.0">
    <ignored/>
  </testcase> <!-- popup -->
  <testcase classname="com.selenium.testbuild.testCases" name="giftCard" time="0.0">
    <ignored/>
  </testcase> <!-- giftCard -->
  <testcase classname="com.selenium.testbuild.testCases" name="checkbox" time="0.0">
    <ignored/>
  </testcase> <!-- checkbox -->
  <testcase classname="com.selenium.testbuild.testCases" name="storage" time="0.0">
    <ignored/>
  </testcase> <!-- storage -->
  <testcase classname="com.selenium.testbuild.testCases" name="collections" time="0.0">
    <ignored/>
  </testcase> <!-- collections -->
  <testcase classname="com.selenium.testbuild.testCases" name="slider" time="0.0">
    <ignored/>
  </testcase> <!-- slider -->
  <testcase classname="com.selenium.testbuild.testCases" name="printSubmenu" time="0.0">
    <ignored/>
  </testcase> <!-- printSubmenu -->
  <testcase classname="com.selenium.testbuild.testCases" name="printItems" time="0.0">
    <ignored/>
  </testcase> <!-- printItems -->
</testsuite> <!-- Default test -->
