<?xml version="1.0" encoding="UTF-8"?>
<!-- Generated by org.testng.reporters.JUnitXMLReporter -->
<testsuite ignored="0" hostname="LAPTOP-2TH9Q1UJ" failures="0" tests="9" name="Test" time="77.311" errors="0" timestamp="2021-09-30T19:03:32 IST">
  <testcase classname="com.selenium.testbuild.testCases" name="popup" time="10.416"/>
  <testcase classname="com.selenium.testbuild.testCases" name="bookshelves" time="3.779"/>
  <testcase classname="com.selenium.testbuild.testCases" name="storage" time="1.373"/>
  <testcase classname="com.selenium.testbuild.testCases" name="slider" time="8.93"/>
  <testcase classname="com.selenium.testbuild.testCases" name="checkbox" time="3.401"/>
  <testcase classname="com.selenium.testbuild.testCases" name="printItems" time="2.836"/>
  <testcase classname="com.selenium.testbuild.testCases" name="collections" time="1.962"/>
  <testcase classname="com.selenium.testbuild.testCases" name="printSubmenu" time="0.628"/>
  <testcase classname="com.selenium.testbuild.testCases" name="giftCard" time="43.877"/>
</testsuite> <!-- Test -->
